ARM GAS  C:\Users\Fromm\AppData\Local\Temp\ccmB3Pin.s 			page 1


   1              		.syntax unified
   2              		.cpu cortex-m3
   3              		.fpu softvfp
   4              		.eabi_attribute 20, 1
   5              		.eabi_attribute 21, 1
   6              		.eabi_attribute 23, 3
   7              		.eabi_attribute 24, 1
   8              		.eabi_attribute 25, 1
   9              		.eabi_attribute 26, 1
  10              		.eabi_attribute 30, 1
  11              		.eabi_attribute 34, 1
  12              		.eabi_attribute 18, 4
  13              		.thumb
  14              		.syntax unified
  15              		.file	"cymetadata.c"
  16              		.text
  17              	.Ltext0:
  18              		.cfi_sections	.debug_frame
  19              		.global	cy_metadata
  20              		.global	cy_meta_flashprotect
  21              		.global	cy_meta_wonvl
  22              		.global	cy_meta_custnvl
  23              		.global	cy_meta_configecc
  24              		.section	.cyconfigecc,"a",%progbits
  25              		.align	2
  26              		.type	cy_meta_configecc, %object
  27              		.size	cy_meta_configecc, 1000
  28              	cy_meta_configecc:
  29 0000 02       		.byte	2
  30 0001 52       		.byte	82
  31 0002 00       		.byte	0
  32 0003 40       		.byte	64
  33 0004 03       		.byte	3
  34 0005 64       		.byte	100
  35 0006 00       		.byte	0
  36 0007 40       		.byte	64
  37 0008 3E       		.byte	62
  38 0009 00       		.byte	0
  39 000a 01       		.byte	1
  40 000b 40       		.byte	64
  41 000c 2B       		.byte	43
  42 000d 01       		.byte	1
  43 000e 01       		.byte	1
  44 000f 40       		.byte	64
  45 0010 55       		.byte	85
  46 0011 02       		.byte	2
  47 0012 01       		.byte	1
  48 0013 40       		.byte	64
  49 0014 49       		.byte	73
  50 0015 03       		.byte	3
  51 0016 01       		.byte	1
  52 0017 40       		.byte	64
  53 0018 55       		.byte	85
  54 0019 04       		.byte	4
  55 001a 01       		.byte	1
  56 001b 40       		.byte	64
  57 001c 47       		.byte	71
ARM GAS  C:\Users\Fromm\AppData\Local\Temp\ccmB3Pin.s 			page 2


  58 001d 05       		.byte	5
  59 001e 01       		.byte	1
  60 001f 40       		.byte	64
  61 0020 01       		.byte	1
  62 0021 07       		.byte	7
  63 0022 01       		.byte	1
  64 0023 40       		.byte	64
  65 0024 04       		.byte	4
  66 0025 40       		.byte	64
  67 0026 01       		.byte	1
  68 0027 40       		.byte	64
  69 0028 0E       		.byte	14
  70 0029 41       		.byte	65
  71 002a 01       		.byte	1
  72 002b 40       		.byte	64
  73 002c 07       		.byte	7
  74 002d 42       		.byte	66
  75 002e 01       		.byte	1
  76 002f 40       		.byte	64
  77 0030 02       		.byte	2
  78 0031 43       		.byte	67
  79 0032 01       		.byte	1
  80 0033 40       		.byte	64
  81 0034 03       		.byte	3
  82 0035 50       		.byte	80
  83 0036 01       		.byte	1
  84 0037 40       		.byte	64
  85 0038 01       		.byte	1
  86 0039 51       		.byte	81
  87 003a 01       		.byte	1
  88 003b 40       		.byte	64
  89 003c 04       		.byte	4
  90 003d 01       		.byte	1
  91 003e 61       		.byte	97
  92 003f 08       		.byte	8
  93 0040 80       		.byte	-128
  94 0041 72       		.byte	114
  95 0042 83       		.byte	-125
  96 0043 0F       		.byte	15
  97 0044 84       		.byte	-124
  98 0045 38       		.byte	56
  99 0046 03       		.byte	3
 100 0047 40       		.byte	64
 101 0048 04       		.byte	4
 102 0049 3F       		.byte	63
 103 004a 05       		.byte	5
 104 004b 18       		.byte	24
 105 004c 08       		.byte	8
 106 004d 01       		.byte	1
 107 004e 09       		.byte	9
 108 004f 08       		.byte	8
 109 0050 0C       		.byte	12
 110 0051 33       		.byte	51
 111 0052 0D       		.byte	13
 112 0053 10       		.byte	16
 113 0054 0E       		.byte	14
 114 0055 0C       		.byte	12
ARM GAS  C:\Users\Fromm\AppData\Local\Temp\ccmB3Pin.s 			page 3


 115 0056 10       		.byte	16
 116 0057 02       		.byte	2
 117 0058 11       		.byte	17
 118 0059 27       		.byte	39
 119 005a 13       		.byte	19
 120 005b 18       		.byte	24
 121 005c 14       		.byte	20
 122 005d 1F       		.byte	31
 123 005e 16       		.byte	22
 124 005f 20       		.byte	32
 125 0060 17       		.byte	23
 126 0061 40       		.byte	64
 127 0062 18       		.byte	24
 128 0063 03       		.byte	3
 129 0064 19       		.byte	25
 130 0065 1C       		.byte	28
 131 0066 1B       		.byte	27
 132 0067 21       		.byte	33
 133 0068 1C       		.byte	28
 134 0069 1C       		.byte	28
 135 006a 1D       		.byte	29
 136 006b 04       		.byte	4
 137 006c 1E       		.byte	30
 138 006d 23       		.byte	35
 139 006e 20       		.byte	32
 140 006f 08       		.byte	8
 141 0070 21       		.byte	33
 142 0071 3C       		.byte	60
 143 0072 23       		.byte	35
 144 0073 02       		.byte	2
 145 0074 24       		.byte	36
 146 0075 04       		.byte	4
 147 0076 25       		.byte	37
 148 0077 3F       		.byte	63
 149 0078 28       		.byte	40
 150 0079 0C       		.byte	12
 151 007a 2B       		.byte	43
 152 007b 04       		.byte	4
 153 007c 2E       		.byte	46
 154 007d 23       		.byte	35
 155 007e 2F       		.byte	47
 156 007f 23       		.byte	35
 157 0080 30       		.byte	48
 158 0081 0F       		.byte	15
 159 0082 31       		.byte	49
 160 0083 1F       		.byte	31
 161 0084 32       		.byte	50
 162 0085 2C       		.byte	44
 163 0086 33       		.byte	51
 164 0087 38       		.byte	56
 165 0088 35       		.byte	53
 166 0089 40       		.byte	64
 167 008a 36       		.byte	54
 168 008b 10       		.byte	16
 169 008c 3A       		.byte	58
 170 008d 0A       		.byte	10
 171 008e 3B       		.byte	59
ARM GAS  C:\Users\Fromm\AppData\Local\Temp\ccmB3Pin.s 			page 4


 172 008f 02       		.byte	2
 173 0090 3E       		.byte	62
 174 0091 40       		.byte	64
 175 0092 3F       		.byte	63
 176 0093 10       		.byte	16
 177 0094 56       		.byte	86
 178 0095 02       		.byte	2
 179 0096 57       		.byte	87
 180 0097 13       		.byte	19
 181 0098 58       		.byte	88
 182 0099 04       		.byte	4
 183 009a 59       		.byte	89
 184 009b 04       		.byte	4
 185 009c 5B       		.byte	91
 186 009d 04       		.byte	4
 187 009e 5F       		.byte	95
 188 009f 01       		.byte	1
 189 00a0 83       		.byte	-125
 190 00a1 02       		.byte	2
 191 00a2 87       		.byte	-121
 192 00a3 01       		.byte	1
 193 00a4 8B       		.byte	-117
 194 00a5 08       		.byte	8
 195 00a6 8F       		.byte	-113
 196 00a7 06       		.byte	6
 197 00a8 91       		.byte	-111
 198 00a9 08       		.byte	8
 199 00aa 97       		.byte	-105
 200 00ab 05       		.byte	5
 201 00ac 99       		.byte	-103
 202 00ad 06       		.byte	6
 203 00ae 9B       		.byte	-101
 204 00af 01       		.byte	1
 205 00b0 9F       		.byte	-97
 206 00b1 03       		.byte	3
 207 00b2 A3       		.byte	-93
 208 00b3 08       		.byte	8
 209 00b4 A5       		.byte	-91
 210 00b5 08       		.byte	8
 211 00b6 B1       		.byte	-79
 212 00b7 07       		.byte	7
 213 00b8 B3       		.byte	-77
 214 00b9 08       		.byte	8
 215 00ba B9       		.byte	-71
 216 00bb 08       		.byte	8
 217 00bc BB       		.byte	-69
 218 00bd 02       		.byte	2
 219 00be D9       		.byte	-39
 220 00bf 04       		.byte	4
 221 00c0 DF       		.byte	-33
 222 00c1 01       		.byte	1
 223 00c2 01       		.byte	1
 224 00c3 10       		.byte	16
 225 00c4 02       		.byte	2
 226 00c5 01       		.byte	1
 227 00c6 03       		.byte	3
 228 00c7 22       		.byte	34
ARM GAS  C:\Users\Fromm\AppData\Local\Temp\ccmB3Pin.s 			page 5


 229 00c8 08       		.byte	8
 230 00c9 40       		.byte	64
 231 00ca 0A       		.byte	10
 232 00cb 96       		.byte	-106
 233 00cc 10       		.byte	16
 234 00cd 81       		.byte	-127
 235 00ce 13       		.byte	19
 236 00cf 18       		.byte	24
 237 00d0 19       		.byte	25
 238 00d1 02       		.byte	2
 239 00d2 1A       		.byte	26
 240 00d3 71       		.byte	113
 241 00d4 1B       		.byte	27
 242 00d5 02       		.byte	2
 243 00d6 20       		.byte	32
 244 00d7 44       		.byte	68
 245 00d8 22       		.byte	34
 246 00d9 09       		.byte	9
 247 00da 25       		.byte	37
 248 00db 08       		.byte	8
 249 00dc 27       		.byte	39
 250 00dd 40       		.byte	64
 251 00de 28       		.byte	40
 252 00df 41       		.byte	65
 253 00e0 29       		.byte	41
 254 00e1 40       		.byte	64
 255 00e2 2B       		.byte	43
 256 00e3 24       		.byte	36
 257 00e4 2C       		.byte	44
 258 00e5 40       		.byte	64
 259 00e6 2F       		.byte	47
 260 00e7 20       		.byte	32
 261 00e8 31       		.byte	49
 262 00e9 08       		.byte	8
 263 00ea 32       		.byte	50
 264 00eb 90       		.byte	-112
 265 00ec 33       		.byte	51
 266 00ed 02       		.byte	2
 267 00ee 35       		.byte	53
 268 00ef 06       		.byte	6
 269 00f0 37       		.byte	55
 270 00f1 60       		.byte	96
 271 00f2 38       		.byte	56
 272 00f3 A8       		.byte	-88
 273 00f4 3B       		.byte	59
 274 00f5 02       		.byte	2
 275 00f6 3C       		.byte	60
 276 00f7 80       		.byte	-128
 277 00f8 3E       		.byte	62
 278 00f9 10       		.byte	16
 279 00fa 3F       		.byte	63
 280 00fb 05       		.byte	5
 281 00fc 5A       		.byte	90
 282 00fd 01       		.byte	1
 283 00fe 69       		.byte	105
 284 00ff 24       		.byte	36
 285 0100 6B       		.byte	107
ARM GAS  C:\Users\Fromm\AppData\Local\Temp\ccmB3Pin.s 			page 6


 286 0101 02       		.byte	2
 287 0102 70       		.byte	112
 288 0103 D4       		.byte	-44
 289 0104 73       		.byte	115
 290 0105 18       		.byte	24
 291 0106 89       		.byte	-119
 292 0107 02       		.byte	2
 293 0108 C0       		.byte	-64
 294 0109 07       		.byte	7
 295 010a C2       		.byte	-62
 296 010b 0F       		.byte	15
 297 010c C4       		.byte	-60
 298 010d 0F       		.byte	15
 299 010e CA       		.byte	-54
 300 010f CF       		.byte	-49
 301 0110 CC       		.byte	-52
 302 0111 FF       		.byte	-1
 303 0112 CE       		.byte	-50
 304 0113 FF       		.byte	-1
 305 0114 D6       		.byte	-42
 306 0115 01       		.byte	1
 307 0116 E6       		.byte	-26
 308 0117 20       		.byte	32
 309 0118 08       		.byte	8
 310 0119 07       		.byte	7
 311 011a 15       		.byte	21
 312 011b 01       		.byte	1
 313 011c 18       		.byte	24
 314 011d 08       		.byte	8
 315 011e 1A       		.byte	26
 316 011f 01       		.byte	1
 317 0120 1D       		.byte	29
 318 0121 01       		.byte	1
 319 0122 21       		.byte	33
 320 0123 01       		.byte	1
 321 0124 28       		.byte	40
 322 0125 02       		.byte	2
 323 0126 2A       		.byte	42
 324 0127 04       		.byte	4
 325 0128 2C       		.byte	44
 326 0129 07       		.byte	7
 327 012a 2D       		.byte	45
 328 012b 01       		.byte	1
 329 012c 30       		.byte	48
 330 012d 0C       		.byte	12
 331 012e 33       		.byte	51
 332 012f 01       		.byte	1
 333 0130 34       		.byte	52
 334 0131 03       		.byte	3
 335 0132 38       		.byte	56
 336 0133 22       		.byte	34
 337 0134 39       		.byte	57
 338 0135 08       		.byte	8
 339 0136 3E       		.byte	62
 340 0137 10       		.byte	16
 341 0138 3F       		.byte	63
 342 0139 04       		.byte	4
ARM GAS  C:\Users\Fromm\AppData\Local\Temp\ccmB3Pin.s 			page 7


 343 013a 40       		.byte	64
 344 013b 02       		.byte	2
 345 013c 45       		.byte	69
 346 013d 40       		.byte	64
 347 013e 49       		.byte	73
 348 013f FF       		.byte	-1
 349 0140 4A       		.byte	74
 350 0141 07       		.byte	7
 351 0142 4B       		.byte	75
 352 0143 FF       		.byte	-1
 353 0144 4C       		.byte	76
 354 0145 40       		.byte	64
 355 0146 4D       		.byte	77
 356 0147 20       		.byte	32
 357 0148 4E       		.byte	78
 358 0149 F0       		.byte	-16
 359 014a 4F       		.byte	79
 360 014b 05       		.byte	5
 361 014c 50       		.byte	80
 362 014d 08       		.byte	8
 363 014e 58       		.byte	88
 364 014f 04       		.byte	4
 365 0150 59       		.byte	89
 366 0151 04       		.byte	4
 367 0152 5A       		.byte	90
 368 0153 04       		.byte	4
 369 0154 5F       		.byte	95
 370 0155 01       		.byte	1
 371 0156 60       		.byte	96
 372 0157 40       		.byte	64
 373 0158 61       		.byte	97
 374 0159 A8       		.byte	-88
 375 015a 62       		.byte	98
 376 015b 40       		.byte	64
 377 015c 63       		.byte	99
 378 015d 20       		.byte	32
 379 015e 80       		.byte	-128
 380 015f 04       		.byte	4
 381 0160 82       		.byte	-126
 382 0161 12       		.byte	18
 383 0162 85       		.byte	-123
 384 0163 18       		.byte	24
 385 0164 89       		.byte	-119
 386 0165 18       		.byte	24
 387 0166 8F       		.byte	-113
 388 0167 03       		.byte	3
 389 0168 90       		.byte	-112
 390 0169 08       		.byte	8
 391 016a 91       		.byte	-111
 392 016b 04       		.byte	4
 393 016c 92       		.byte	-110
 394 016d 02       		.byte	2
 395 016e 95       		.byte	-107
 396 016f 09       		.byte	9
 397 0170 97       		.byte	-105
 398 0171 10       		.byte	16
 399 0172 98       		.byte	-104
ARM GAS  C:\Users\Fromm\AppData\Local\Temp\ccmB3Pin.s 			page 8


 400 0173 02       		.byte	2
 401 0174 9A       		.byte	-102
 402 0175 0C       		.byte	12
 403 0176 9B       		.byte	-101
 404 0177 03       		.byte	3
 405 0178 9D       		.byte	-99
 406 0179 12       		.byte	18
 407 017a 9F       		.byte	-97
 408 017b 08       		.byte	8
 409 017c A0       		.byte	-96
 410 017d 01       		.byte	1
 411 017e A1       		.byte	-95
 412 017f 03       		.byte	3
 413 0180 A4       		.byte	-92
 414 0181 0F       		.byte	15
 415 0182 A5       		.byte	-91
 416 0183 03       		.byte	3
 417 0184 A8       		.byte	-88
 418 0185 0F       		.byte	15
 419 0186 A9       		.byte	-87
 420 0187 03       		.byte	3
 421 0188 AF       		.byte	-81
 422 0189 03       		.byte	3
 423 018a B1       		.byte	-79
 424 018b 03       		.byte	3
 425 018c B2       		.byte	-78
 426 018d 10       		.byte	16
 427 018e B4       		.byte	-76
 428 018f 0E       		.byte	14
 429 0190 B5       		.byte	-75
 430 0191 04       		.byte	4
 431 0192 B6       		.byte	-74
 432 0193 01       		.byte	1
 433 0194 B7       		.byte	-73
 434 0195 18       		.byte	24
 435 0196 BF       		.byte	-65
 436 0197 10       		.byte	16
 437 0198 C0       		.byte	-64
 438 0199 26       		.byte	38
 439 019a C1       		.byte	-63
 440 019b 01       		.byte	1
 441 019c C6       		.byte	-58
 442 019d 0C       		.byte	12
 443 019e C7       		.byte	-57
 444 019f EB       		.byte	-21
 445 01a0 C8       		.byte	-56
 446 01a1 34       		.byte	52
 447 01a2 C9       		.byte	-55
 448 01a3 FF       		.byte	-1
 449 01a4 CA       		.byte	-54
 450 01a5 FF       		.byte	-1
 451 01a6 CB       		.byte	-53
 452 01a7 FF       		.byte	-1
 453 01a8 CE       		.byte	-50
 454 01a9 F0       		.byte	-16
 455 01aa CF       		.byte	-49
 456 01ab 44       		.byte	68
ARM GAS  C:\Users\Fromm\AppData\Local\Temp\ccmB3Pin.s 			page 9


 457 01ac D0       		.byte	-48
 458 01ad 0C       		.byte	12
 459 01ae D4       		.byte	-44
 460 01af 01       		.byte	1
 461 01b0 D6       		.byte	-42
 462 01b1 04       		.byte	4
 463 01b2 D8       		.byte	-40
 464 01b3 04       		.byte	4
 465 01b4 D9       		.byte	-39
 466 01b5 04       		.byte	4
 467 01b6 DA       		.byte	-38
 468 01b7 04       		.byte	4
 469 01b8 DB       		.byte	-37
 470 01b9 04       		.byte	4
 471 01ba DF       		.byte	-33
 472 01bb 01       		.byte	1
 473 01bc E6       		.byte	-26
 474 01bd C0       		.byte	-64
 475 01be EA       		.byte	-22
 476 01bf 40       		.byte	64
 477 01c0 EB       		.byte	-21
 478 01c1 02       		.byte	2
 479 01c2 02       		.byte	2
 480 01c3 80       		.byte	-128
 481 01c4 04       		.byte	4
 482 01c5 20       		.byte	32
 483 01c6 06       		.byte	6
 484 01c7 08       		.byte	8
 485 01c8 0A       		.byte	10
 486 01c9 84       		.byte	-124
 487 01ca 0E       		.byte	14
 488 01cb 08       		.byte	8
 489 01cc 0F       		.byte	15
 490 01cd 04       		.byte	4
 491 01ce 11       		.byte	17
 492 01cf 04       		.byte	4
 493 01d0 13       		.byte	19
 494 01d1 12       		.byte	18
 495 01d2 17       		.byte	23
 496 01d3 60       		.byte	96
 497 01d4 19       		.byte	25
 498 01d5 50       		.byte	80
 499 01d6 1A       		.byte	26
 500 01d7 04       		.byte	4
 501 01d8 1B       		.byte	27
 502 01d9 04       		.byte	4
 503 01da 1C       		.byte	28
 504 01db 80       		.byte	-128
 505 01dc 1D       		.byte	29
 506 01dd 20       		.byte	32
 507 01de 21       		.byte	33
 508 01df 40       		.byte	64
 509 01e0 22       		.byte	34
 510 01e1 41       		.byte	65
 511 01e2 23       		.byte	35
 512 01e3 08       		.byte	8
 513 01e4 25       		.byte	37
ARM GAS  C:\Users\Fromm\AppData\Local\Temp\ccmB3Pin.s 			page 10


 514 01e5 08       		.byte	8
 515 01e6 29       		.byte	41
 516 01e7 50       		.byte	80
 517 01e8 2A       		.byte	42
 518 01e9 01       		.byte	1
 519 01ea 2B       		.byte	43
 520 01eb 20       		.byte	32
 521 01ec 2C       		.byte	44
 522 01ed 40       		.byte	64
 523 01ee 2D       		.byte	45
 524 01ef 40       		.byte	64
 525 01f0 30       		.byte	48
 526 01f1 01       		.byte	1
 527 01f2 32       		.byte	50
 528 01f3 56       		.byte	86
 529 01f4 34       		.byte	52
 530 01f5 04       		.byte	4
 531 01f6 36       		.byte	54
 532 01f7 40       		.byte	64
 533 01f8 38       		.byte	56
 534 01f9 40       		.byte	64
 535 01fa 39       		.byte	57
 536 01fb 24       		.byte	36
 537 01fc 3B       		.byte	59
 538 01fd 10       		.byte	16
 539 01fe 42       		.byte	66
 540 01ff 08       		.byte	8
 541 0200 43       		.byte	67
 542 0201 40       		.byte	64
 543 0202 45       		.byte	69
 544 0203 20       		.byte	32
 545 0204 4A       		.byte	74
 546 0205 04       		.byte	4
 547 0206 4F       		.byte	79
 548 0207 05       		.byte	5
 549 0208 51       		.byte	81
 550 0209 04       		.byte	4
 551 020a 52       		.byte	82
 552 020b 42       		.byte	66
 553 020c 53       		.byte	83
 554 020d 80       		.byte	-128
 555 020e 58       		.byte	88
 556 020f 21       		.byte	33
 557 0210 5B       		.byte	91
 558 0211 88       		.byte	-120
 559 0212 61       		.byte	97
 560 0213 02       		.byte	2
 561 0214 81       		.byte	-127
 562 0215 40       		.byte	64
 563 0216 86       		.byte	-122
 564 0217 40       		.byte	64
 565 0218 88       		.byte	-120
 566 0219 44       		.byte	68
 567 021a 89       		.byte	-119
 568 021b 08       		.byte	8
 569 021c 90       		.byte	-112
 570 021d 44       		.byte	68
ARM GAS  C:\Users\Fromm\AppData\Local\Temp\ccmB3Pin.s 			page 11


 571 021e 91       		.byte	-111
 572 021f 24       		.byte	36
 573 0220 92       		.byte	-110
 574 0221 60       		.byte	96
 575 0222 95       		.byte	-107
 576 0223 10       		.byte	16
 577 0224 96       		.byte	-106
 578 0225 84       		.byte	-124
 579 0226 97       		.byte	-105
 580 0227 07       		.byte	7
 581 0228 9A       		.byte	-102
 582 0229 01       		.byte	1
 583 022a 9B       		.byte	-101
 584 022b 42       		.byte	66
 585 022c 9D       		.byte	-99
 586 022d 44       		.byte	68
 587 022e 9F       		.byte	-97
 588 022f 20       		.byte	32
 589 0230 A2       		.byte	-94
 590 0231 08       		.byte	8
 591 0232 A4       		.byte	-92
 592 0233 40       		.byte	64
 593 0234 A5       		.byte	-91
 594 0235 02       		.byte	2
 595 0236 A6       		.byte	-90
 596 0237 80       		.byte	-128
 597 0238 A7       		.byte	-89
 598 0239 24       		.byte	36
 599 023a C0       		.byte	-64
 600 023b 48       		.byte	72
 601 023c C2       		.byte	-62
 602 023d 4A       		.byte	74
 603 023e C4       		.byte	-60
 604 023f CE       		.byte	-50
 605 0240 CA       		.byte	-54
 606 0241 9F       		.byte	-97
 607 0242 CC       		.byte	-52
 608 0243 5F       		.byte	95
 609 0244 CE       		.byte	-50
 610 0245 0E       		.byte	14
 611 0246 D0       		.byte	-48
 612 0247 2C       		.byte	44
 613 0248 D2       		.byte	-46
 614 0249 04       		.byte	4
 615 024a D6       		.byte	-42
 616 024b 0F       		.byte	15
 617 024c D8       		.byte	-40
 618 024d 01       		.byte	1
 619 024e E0       		.byte	-32
 620 024f 80       		.byte	-128
 621 0250 E4       		.byte	-28
 622 0251 80       		.byte	-128
 623 0252 E6       		.byte	-26
 624 0253 20       		.byte	32
 625 0254 00       		.byte	0
 626 0255 06       		.byte	6
 627 0256 02       		.byte	2
ARM GAS  C:\Users\Fromm\AppData\Local\Temp\ccmB3Pin.s 			page 12


 628 0257 08       		.byte	8
 629 0258 04       		.byte	4
 630 0259 14       		.byte	20
 631 025a 06       		.byte	6
 632 025b 08       		.byte	8
 633 025c 07       		.byte	7
 634 025d 01       		.byte	1
 635 025e 0A       		.byte	10
 636 025f 01       		.byte	1
 637 0260 0B       		.byte	11
 638 0261 04       		.byte	4
 639 0262 0E       		.byte	14
 640 0263 10       		.byte	16
 641 0264 0F       		.byte	15
 642 0265 04       		.byte	4
 643 0266 17       		.byte	23
 644 0267 01       		.byte	1
 645 0268 1A       		.byte	26
 646 0269 0A       		.byte	10
 647 026a 1D       		.byte	29
 648 026b 01       		.byte	1
 649 026c 20       		.byte	32
 650 026d 06       		.byte	6
 651 026e 22       		.byte	34
 652 026f 08       		.byte	8
 653 0270 24       		.byte	36
 654 0271 06       		.byte	6
 655 0272 25       		.byte	37
 656 0273 01       		.byte	1
 657 0274 26       		.byte	38
 658 0275 18       		.byte	24
 659 0276 2A       		.byte	42
 660 0277 01       		.byte	1
 661 0278 2B       		.byte	43
 662 0279 02       		.byte	2
 663 027a 2F       		.byte	47
 664 027b 01       		.byte	1
 665 027c 30       		.byte	48
 666 027d 01       		.byte	1
 667 027e 31       		.byte	49
 668 027f 01       		.byte	1
 669 0280 32       		.byte	50
 670 0281 1E       		.byte	30
 671 0282 37       		.byte	55
 672 0283 06       		.byte	6
 673 0284 3A       		.byte	58
 674 0285 28       		.byte	40
 675 0286 3E       		.byte	62
 676 0287 01       		.byte	1
 677 0288 3F       		.byte	63
 678 0289 41       		.byte	65
 679 028a 40       		.byte	64
 680 028b 45       		.byte	69
 681 028c 41       		.byte	65
 682 028d 02       		.byte	2
 683 028e 42       		.byte	66
 684 028f 06       		.byte	6
ARM GAS  C:\Users\Fromm\AppData\Local\Temp\ccmB3Pin.s 			page 13


 685 0290 44       		.byte	68
 686 0291 01       		.byte	1
 687 0292 45       		.byte	69
 688 0293 EC       		.byte	-20
 689 0294 48       		.byte	72
 690 0295 03       		.byte	3
 691 0296 49       		.byte	73
 692 0297 FF       		.byte	-1
 693 0298 4A       		.byte	74
 694 0299 FF       		.byte	-1
 695 029a 4B       		.byte	75
 696 029b FF       		.byte	-1
 697 029c 4C       		.byte	76
 698 029d 62       		.byte	98
 699 029e 4D       		.byte	77
 700 029f A0       		.byte	-96
 701 02a0 4E       		.byte	78
 702 02a1 F0       		.byte	-16
 703 02a2 4F       		.byte	79
 704 02a3 41       		.byte	65
 705 02a4 50       		.byte	80
 706 02a5 0C       		.byte	12
 707 02a6 54       		.byte	84
 708 02a7 18       		.byte	24
 709 02a8 56       		.byte	86
 710 02a9 04       		.byte	4
 711 02aa 58       		.byte	88
 712 02ab 04       		.byte	4
 713 02ac 59       		.byte	89
 714 02ad 04       		.byte	4
 715 02ae 5A       		.byte	90
 716 02af 04       		.byte	4
 717 02b0 5B       		.byte	91
 718 02b1 04       		.byte	4
 719 02b2 5F       		.byte	95
 720 02b3 01       		.byte	1
 721 02b4 66       		.byte	102
 722 02b5 40       		.byte	64
 723 02b6 67       		.byte	103
 724 02b7 02       		.byte	2
 725 02b8 69       		.byte	105
 726 02b9 10       		.byte	16
 727 02ba 6A       		.byte	106
 728 02bb 30       		.byte	48
 729 02bc 6B       		.byte	107
 730 02bd 10       		.byte	16
 731 02be 6D       		.byte	109
 732 02bf 10       		.byte	16
 733 02c0 6E       		.byte	110
 734 02c1 10       		.byte	16
 735 02c2 6F       		.byte	111
 736 02c3 12       		.byte	18
 737 02c4 80       		.byte	-128
 738 02c5 18       		.byte	24
 739 02c6 82       		.byte	-126
 740 02c7 22       		.byte	34
 741 02c8 83       		.byte	-125
ARM GAS  C:\Users\Fromm\AppData\Local\Temp\ccmB3Pin.s 			page 14


 742 02c9 08       		.byte	8
 743 02ca 84       		.byte	-124
 744 02cb 38       		.byte	56
 745 02cc 86       		.byte	-122
 746 02cd 04       		.byte	4
 747 02ce 87       		.byte	-121
 748 02cf 03       		.byte	3
 749 02d0 88       		.byte	-120
 750 02d1 20       		.byte	32
 751 02d2 8A       		.byte	-118
 752 02d3 18       		.byte	24
 753 02d4 8C       		.byte	-116
 754 02d5 12       		.byte	18
 755 02d6 8E       		.byte	-114
 756 02d7 20       		.byte	32
 757 02d8 8F       		.byte	-113
 758 02d9 0C       		.byte	12
 759 02da 95       		.byte	-107
 760 02db 01       		.byte	1
 761 02dc 97       		.byte	-105
 762 02dd 06       		.byte	6
 763 02de 98       		.byte	-104
 764 02df 01       		.byte	1
 765 02e0 99       		.byte	-103
 766 02e1 0C       		.byte	12
 767 02e2 9A       		.byte	-102
 768 02e3 06       		.byte	6
 769 02e4 9B       		.byte	-101
 770 02e5 03       		.byte	3
 771 02e6 9C       		.byte	-100
 772 02e7 20       		.byte	32
 773 02e8 9D       		.byte	-99
 774 02e9 01       		.byte	1
 775 02ea 9F       		.byte	-97
 776 02eb 0E       		.byte	14
 777 02ec A4       		.byte	-92
 778 02ed 28       		.byte	40
 779 02ee B3       		.byte	-77
 780 02ef 0F       		.byte	15
 781 02f0 B4       		.byte	-76
 782 02f1 3E       		.byte	62
 783 02f2 B6       		.byte	-74
 784 02f3 01       		.byte	1
 785 02f4 BB       		.byte	-69
 786 02f5 08       		.byte	8
 787 02f6 BE       		.byte	-66
 788 02f7 40       		.byte	64
 789 02f8 D8       		.byte	-40
 790 02f9 04       		.byte	4
 791 02fa D9       		.byte	-39
 792 02fb 04       		.byte	4
 793 02fc DF       		.byte	-33
 794 02fd 01       		.byte	1
 795 02fe 00       		.byte	0
 796 02ff A0       		.byte	-96
 797 0300 02       		.byte	2
 798 0301 01       		.byte	1
ARM GAS  C:\Users\Fromm\AppData\Local\Temp\ccmB3Pin.s 			page 15


 799 0302 03       		.byte	3
 800 0303 50       		.byte	80
 801 0304 04       		.byte	4
 802 0305 20       		.byte	32
 803 0306 06       		.byte	6
 804 0307 01       		.byte	1
 805 0308 07       		.byte	7
 806 0309 50       		.byte	80
 807 030a 0B       		.byte	11
 808 030b 04       		.byte	4
 809 030c 0E       		.byte	14
 810 030d 08       		.byte	8
 811 030e 0F       		.byte	15
 812 030f 01       		.byte	1
 813 0310 10       		.byte	16
 814 0311 10       		.byte	16
 815 0312 12       		.byte	18
 816 0313 48       		.byte	72
 817 0314 15       		.byte	21
 818 0315 08       		.byte	8
 819 0316 18       		.byte	24
 820 0317 20       		.byte	32
 821 0318 19       		.byte	25
 822 0319 04       		.byte	4
 823 031a 1B       		.byte	27
 824 031b 21       		.byte	33
 825 031c 1E       		.byte	30
 826 031d 08       		.byte	8
 827 031e 1F       		.byte	31
 828 031f 80       		.byte	-128
 829 0320 20       		.byte	32
 830 0321 01       		.byte	1
 831 0322 23       		.byte	35
 832 0323 80       		.byte	-128
 833 0324 25       		.byte	37
 834 0325 08       		.byte	8
 835 0326 27       		.byte	39
 836 0327 30       		.byte	48
 837 0328 28       		.byte	40
 838 0329 10       		.byte	16
 839 032a 29       		.byte	41
 840 032b 14       		.byte	20
 841 032c 2A       		.byte	42
 842 032d 40       		.byte	64
 843 032e 31       		.byte	49
 844 032f 08       		.byte	8
 845 0330 33       		.byte	51
 846 0331 40       		.byte	64
 847 0332 35       		.byte	53
 848 0333 04       		.byte	4
 849 0334 37       		.byte	55
 850 0335 50       		.byte	80
 851 0336 39       		.byte	57
 852 0337 90       		.byte	-112
 853 0338 3B       		.byte	59
 854 0339 04       		.byte	4
 855 033a 3C       		.byte	60
ARM GAS  C:\Users\Fromm\AppData\Local\Temp\ccmB3Pin.s 			page 16


 856 033b 80       		.byte	-128
 857 033c 3F       		.byte	63
 858 033d 05       		.byte	5
 859 033e 40       		.byte	64
 860 033f 01       		.byte	1
 861 0340 42       		.byte	66
 862 0341 40       		.byte	64
 863 0342 43       		.byte	67
 864 0343 20       		.byte	32
 865 0344 48       		.byte	72
 866 0345 10       		.byte	16
 867 0346 49       		.byte	73
 868 0347 40       		.byte	64
 869 0348 4A       		.byte	74
 870 0349 08       		.byte	8
 871 034a 4B       		.byte	75
 872 034b 02       		.byte	2
 873 034c 5A       		.byte	90
 874 034d 02       		.byte	2
 875 034e 60       		.byte	96
 876 034f 04       		.byte	4
 877 0350 63       		.byte	99
 878 0351 42       		.byte	66
 879 0352 87       		.byte	-121
 880 0353 40       		.byte	64
 881 0354 90       		.byte	-112
 882 0355 04       		.byte	4
 883 0356 91       		.byte	-111
 884 0357 98       		.byte	-104
 885 0358 92       		.byte	-110
 886 0359 42       		.byte	66
 887 035a 93       		.byte	-109
 888 035b 05       		.byte	5
 889 035c 94       		.byte	-108
 890 035d 20       		.byte	32
 891 035e 97       		.byte	-105
 892 035f 02       		.byte	2
 893 0360 99       		.byte	-103
 894 0361 50       		.byte	80
 895 0362 9A       		.byte	-102
 896 0363 40       		.byte	64
 897 0364 9B       		.byte	-101
 898 0365 40       		.byte	64
 899 0366 9D       		.byte	-99
 900 0367 04       		.byte	4
 901 0368 9F       		.byte	-97
 902 0369 A0       		.byte	-96
 903 036a A0       		.byte	-96
 904 036b 40       		.byte	64
 905 036c A2       		.byte	-94
 906 036d 08       		.byte	8
 907 036e A7       		.byte	-89
 908 036f 20       		.byte	32
 909 0370 AD       		.byte	-83
 910 0371 10       		.byte	16
 911 0372 AE       		.byte	-82
 912 0373 84       		.byte	-124
ARM GAS  C:\Users\Fromm\AppData\Local\Temp\ccmB3Pin.s 			page 17


 913 0374 B0       		.byte	-80
 914 0375 20       		.byte	32
 915 0376 B3       		.byte	-77
 916 0377 80       		.byte	-128
 917 0378 C0       		.byte	-64
 918 0379 FF       		.byte	-1
 919 037a C2       		.byte	-62
 920 037b C2       		.byte	-62
 921 037c C4       		.byte	-60
 922 037d 2E       		.byte	46
 923 037e CA       		.byte	-54
 924 037f 0E       		.byte	14
 925 0380 CC       		.byte	-52
 926 0381 7A       		.byte	122
 927 0382 CE       		.byte	-50
 928 0383 DE       		.byte	-34
 929 0384 D0       		.byte	-48
 930 0385 0D       		.byte	13
 931 0386 D2       		.byte	-46
 932 0387 0C       		.byte	12
 933 0388 D6       		.byte	-42
 934 0389 01       		.byte	1
 935 038a D8       		.byte	-40
 936 038b 0D       		.byte	13
 937 038c AF       		.byte	-81
 938 038d 80       		.byte	-128
 939 038e 30       		.byte	48
 940 038f 28       		.byte	40
 941 0390 36       		.byte	54
 942 0391 40       		.byte	64
 943 0392 88       		.byte	-120
 944 0393 20       		.byte	32
 945 0394 CC       		.byte	-52
 946 0395 70       		.byte	112
 947 0396 03       		.byte	3
 948 0397 88       		.byte	-120
 949 0398 04       		.byte	4
 950 0399 40       		.byte	64
 951 039a 0B       		.byte	11
 952 039b 08       		.byte	8
 953 039c 0D       		.byte	13
 954 039d 04       		.byte	4
 955 039e 80       		.byte	-128
 956 039f 40       		.byte	64
 957 03a0 87       		.byte	-121
 958 03a1 08       		.byte	8
 959 03a2 88       		.byte	-120
 960 03a3 08       		.byte	8
 961 03a4 89       		.byte	-119
 962 03a5 04       		.byte	4
 963 03a6 8B       		.byte	-117
 964 03a7 04       		.byte	4
 965 03a8 A4       		.byte	-92
 966 03a9 08       		.byte	8
 967 03aa A6       		.byte	-90
 968 03ab 40       		.byte	64
 969 03ac C0       		.byte	-64
ARM GAS  C:\Users\Fromm\AppData\Local\Temp\ccmB3Pin.s 			page 18


 970 03ad D0       		.byte	-48
 971 03ae C2       		.byte	-62
 972 03af 60       		.byte	96
 973 03b0 E4       		.byte	-28
 974 03b1 60       		.byte	96
 975 03b2 53       		.byte	83
 976 03b3 20       		.byte	32
 977 03b4 86       		.byte	-122
 978 03b5 40       		.byte	64
 979 03b6 A6       		.byte	-90
 980 03b7 40       		.byte	64
 981 03b8 AF       		.byte	-81
 982 03b9 80       		.byte	-128
 983 03ba D4       		.byte	-44
 984 03bb 20       		.byte	32
 985 03bc E6       		.byte	-26
 986 03bd 40       		.byte	64
 987 03be EC       		.byte	-20
 988 03bf 10       		.byte	16
 989 03c0 AF       		.byte	-81
 990 03c1 20       		.byte	32
 991 03c2 EE       		.byte	-18
 992 03c3 10       		.byte	16
 993 03c4 00       		.byte	0
 994 03c5 01       		.byte	1
 995 03c6 08       		.byte	8
 996 03c7 01       		.byte	1
 997 03c8 0A       		.byte	10
 998 03c9 01       		.byte	1
 999 03ca 00       		.byte	0
 1000 03cb 3F       		.byte	63
 1001 03cc 6D       		.byte	109
 1002 03cd 00       		.byte	0
 1003 03ce 00       		.byte	0
 1004 03cf 00       		.byte	0
 1005 03d0 00       		.byte	0
 1006 03d1 00       		.byte	0
 1007 03d2 00       		.byte	0
 1008 03d3 00       		.byte	0
 1009 03d4 08       		.byte	8
 1010 03d5 00       		.byte	0
 1011 03d6 00       		.byte	0
 1012 03d7 08       		.byte	8
 1013 03d8 08       		.byte	8
 1014 03d9 00       		.byte	0
 1015 03da 08       		.byte	8
 1016 03db 00       		.byte	0
 1017 03dc 00       		.byte	0
 1018 03dd 00       		.byte	0
 1019 03de 00       		.byte	0
 1020 03df 00       		.byte	0
 1021 03e0 00       		.byte	0
 1022 03e1 0B       		.byte	11
 1023 03e2 0B       		.byte	11
 1024 03e3 00       		.byte	0
 1025 03e4 00       		.byte	0
 1026 03e5 00       		.byte	0
ARM GAS  C:\Users\Fromm\AppData\Local\Temp\ccmB3Pin.s 			page 19


 1027 03e6 00       		.byte	0
 1028 03e7 00       		.byte	0
 1029              		.section	.cywolatch,"a",%progbits
 1030              		.align	2
 1031              		.type	cy_meta_wonvl, %object
 1032              		.size	cy_meta_wonvl, 4
 1033              	cy_meta_wonvl:
 1034 0000 BC       		.byte	-68
 1035 0001 90       		.byte	-112
 1036 0002 AC       		.byte	-84
 1037 0003 AF       		.byte	-81
 1038              		.section	.cycustnvl,"a",%progbits
 1039              		.align	2
 1040              		.type	cy_meta_custnvl, %object
 1041              		.size	cy_meta_custnvl, 4
 1042              	cy_meta_custnvl:
 1043 0000 00       		.byte	0
 1044 0001 00       		.byte	0
 1045 0002 40       		.byte	64
 1046 0003 05       		.byte	5
 1047              		.section	.cymeta,"a",%progbits
 1048              		.align	2
 1049              		.type	cy_metadata, %object
 1050              		.size	cy_metadata, 12
 1051              	cy_metadata:
 1052 0000 00       		.byte	0
 1053 0001 01       		.byte	1
 1054 0002 2E       		.byte	46
 1055 0003 16       		.byte	22
 1056 0004 10       		.byte	16
 1057 0005 69       		.byte	105
 1058 0006 00       		.byte	0
 1059 0007 01       		.byte	1
 1060 0008 00       		.byte	0
 1061 0009 00       		.byte	0
 1062 000a 00       		.byte	0
 1063 000b 00       		.byte	0
 1064              		.section	.cyflashprotect,"a",%progbits
 1065              		.align	2
 1066              		.type	cy_meta_flashprotect, %object
 1067              		.size	cy_meta_flashprotect, 256
 1068              	cy_meta_flashprotect:
 1069 0000 00000000 		.space	256
 1069      00000000 
 1069      00000000 
 1069      00000000 
 1069      00000000 
 1070              		.text
 1071              	.Letext0:
 1072              		.file 1 "c:\\tool\\cypress\\psoc creator\\4.2\\psoc creator\\import\\gnu\\arm\\5.4.1\\arm-none-eab
 1073              		.file 2 "c:\\tool\\cypress\\psoc creator\\4.2\\psoc creator\\import\\gnu\\arm\\5.4.1\\arm-none-eab
 1074              		.file 3 "Generated_Source\\PSoC5\\cymetadata.c"
 1075              		.section	.debug_info,"",%progbits
 1076              	.Ldebug_info0:
 1077 0000 31010000 		.4byte	0x131
 1078 0004 0400     		.2byte	0x4
 1079 0006 00000000 		.4byte	.Ldebug_abbrev0
ARM GAS  C:\Users\Fromm\AppData\Local\Temp\ccmB3Pin.s 			page 20


 1080 000a 04       		.byte	0x4
 1081 000b 01       		.uleb128 0x1
 1082 000c 24000000 		.4byte	.LASF17
 1083 0010 0C       		.byte	0xc
 1084 0011 E1010000 		.4byte	.LASF18
 1085 0015 D7000000 		.4byte	.LASF19
 1086 0019 00000000 		.4byte	.Ldebug_line0
 1087 001d 02       		.uleb128 0x2
 1088 001e 01       		.byte	0x1
 1089 001f 06       		.byte	0x6
 1090 0020 D5010000 		.4byte	.LASF0
 1091 0024 03       		.uleb128 0x3
 1092 0025 00000000 		.4byte	.LASF9
 1093 0029 01       		.byte	0x1
 1094 002a 1D       		.byte	0x1d
 1095 002b 2F000000 		.4byte	0x2f
 1096 002f 02       		.uleb128 0x2
 1097 0030 01       		.byte	0x1
 1098 0031 08       		.byte	0x8
 1099 0032 16000000 		.4byte	.LASF1
 1100 0036 02       		.uleb128 0x2
 1101 0037 02       		.byte	0x2
 1102 0038 05       		.byte	0x5
 1103 0039 C2010000 		.4byte	.LASF2
 1104 003d 02       		.uleb128 0x2
 1105 003e 02       		.byte	0x2
 1106 003f 07       		.byte	0x7
 1107 0040 C4000000 		.4byte	.LASF3
 1108 0044 02       		.uleb128 0x2
 1109 0045 04       		.byte	0x4
 1110 0046 05       		.byte	0x5
 1111 0047 CC010000 		.4byte	.LASF4
 1112 004b 02       		.uleb128 0x2
 1113 004c 04       		.byte	0x4
 1114 004d 07       		.byte	0x7
 1115 004e B2000000 		.4byte	.LASF5
 1116 0052 02       		.uleb128 0x2
 1117 0053 08       		.byte	0x8
 1118 0054 05       		.byte	0x5
 1119 0055 B4010000 		.4byte	.LASF6
 1120 0059 02       		.uleb128 0x2
 1121 005a 08       		.byte	0x8
 1122 005b 07       		.byte	0x7
 1123 005c 69010000 		.4byte	.LASF7
 1124 0060 04       		.uleb128 0x4
 1125 0061 04       		.byte	0x4
 1126 0062 05       		.byte	0x5
 1127 0063 696E7400 		.ascii	"int\000"
 1128 0067 02       		.uleb128 0x2
 1129 0068 04       		.byte	0x4
 1130 0069 07       		.byte	0x7
 1131 006a 5C010000 		.4byte	.LASF8
 1132 006e 03       		.uleb128 0x3
 1133 006f 80010000 		.4byte	.LASF10
 1134 0073 02       		.byte	0x2
 1135 0074 18       		.byte	0x18
 1136 0075 24000000 		.4byte	0x24
ARM GAS  C:\Users\Fromm\AppData\Local\Temp\ccmB3Pin.s 			page 21


 1137 0079 05       		.uleb128 0x5
 1138 007a 91000000 		.4byte	0x91
 1139 007e 8A000000 		.4byte	0x8a
 1140 0082 06       		.uleb128 0x6
 1141 0083 8A000000 		.4byte	0x8a
 1142 0087 E703     		.2byte	0x3e7
 1143 0089 00       		.byte	0
 1144 008a 02       		.uleb128 0x2
 1145 008b 04       		.byte	0x4
 1146 008c 07       		.byte	0x7
 1147 008d AB010000 		.4byte	.LASF11
 1148 0091 07       		.uleb128 0x7
 1149 0092 6E000000 		.4byte	0x6e
 1150 0096 08       		.uleb128 0x8
 1151 0097 4A010000 		.4byte	.LASF12
 1152 009b 03       		.byte	0x3
 1153 009c 1F       		.byte	0x1f
 1154 009d A7000000 		.4byte	0xa7
 1155 00a1 05       		.uleb128 0x5
 1156 00a2 03       		.byte	0x3
 1157 00a3 00000000 		.4byte	cy_meta_configecc
 1158 00a7 07       		.uleb128 0x7
 1159 00a8 79000000 		.4byte	0x79
 1160 00ac 05       		.uleb128 0x5
 1161 00ad 91000000 		.4byte	0x91
 1162 00b1 BC000000 		.4byte	0xbc
 1163 00b5 09       		.uleb128 0x9
 1164 00b6 8A000000 		.4byte	0x8a
 1165 00ba 03       		.byte	0x3
 1166 00bb 00       		.byte	0
 1167 00bc 08       		.uleb128 0x8
 1168 00bd 3A010000 		.4byte	.LASF13
 1169 00c1 03       		.byte	0x3
 1170 00c2 A9       		.byte	0xa9
 1171 00c3 CD000000 		.4byte	0xcd
 1172 00c7 05       		.uleb128 0x5
 1173 00c8 03       		.byte	0x3
 1174 00c9 00000000 		.4byte	cy_meta_custnvl
 1175 00cd 07       		.uleb128 0x7
 1176 00ce AC000000 		.4byte	0xac
 1177 00d2 08       		.uleb128 0x8
 1178 00d3 9D010000 		.4byte	.LASF14
 1179 00d7 03       		.byte	0x3
 1180 00d8 B7       		.byte	0xb7
 1181 00d9 E3000000 		.4byte	0xe3
 1182 00dd 05       		.uleb128 0x5
 1183 00de 03       		.byte	0x3
 1184 00df 00000000 		.4byte	cy_meta_wonvl
 1185 00e3 07       		.uleb128 0x7
 1186 00e4 AC000000 		.4byte	0xac
 1187 00e8 05       		.uleb128 0x5
 1188 00e9 91000000 		.4byte	0x91
 1189 00ed F8000000 		.4byte	0xf8
 1190 00f1 09       		.uleb128 0x9
 1191 00f2 8A000000 		.4byte	0x8a
 1192 00f6 FF       		.byte	0xff
 1193 00f7 00       		.byte	0
ARM GAS  C:\Users\Fromm\AppData\Local\Temp\ccmB3Pin.s 			page 22


 1194 00f8 08       		.uleb128 0x8
 1195 00f9 88010000 		.4byte	.LASF15
 1196 00fd 03       		.byte	0x3
 1197 00fe C5       		.byte	0xc5
 1198 00ff 09010000 		.4byte	0x109
 1199 0103 05       		.uleb128 0x5
 1200 0104 03       		.byte	0x3
 1201 0105 00000000 		.4byte	cy_meta_flashprotect
 1202 0109 07       		.uleb128 0x7
 1203 010a E8000000 		.4byte	0xe8
 1204 010e 05       		.uleb128 0x5
 1205 010f 91000000 		.4byte	0x91
 1206 0113 1E010000 		.4byte	0x11e
 1207 0117 09       		.uleb128 0x9
 1208 0118 8A000000 		.4byte	0x8a
 1209 011c 0B       		.byte	0xb
 1210 011d 00       		.byte	0
 1211 011e 08       		.uleb128 0x8
 1212 011f 0A000000 		.4byte	.LASF16
 1213 0123 03       		.byte	0x3
 1214 0124 F2       		.byte	0xf2
 1215 0125 2F010000 		.4byte	0x12f
 1216 0129 05       		.uleb128 0x5
 1217 012a 03       		.byte	0x3
 1218 012b 00000000 		.4byte	cy_metadata
 1219 012f 07       		.uleb128 0x7
 1220 0130 0E010000 		.4byte	0x10e
 1221 0134 00       		.byte	0
 1222              		.section	.debug_abbrev,"",%progbits
 1223              	.Ldebug_abbrev0:
 1224 0000 01       		.uleb128 0x1
 1225 0001 11       		.uleb128 0x11
 1226 0002 01       		.byte	0x1
 1227 0003 25       		.uleb128 0x25
 1228 0004 0E       		.uleb128 0xe
 1229 0005 13       		.uleb128 0x13
 1230 0006 0B       		.uleb128 0xb
 1231 0007 03       		.uleb128 0x3
 1232 0008 0E       		.uleb128 0xe
 1233 0009 1B       		.uleb128 0x1b
 1234 000a 0E       		.uleb128 0xe
 1235 000b 10       		.uleb128 0x10
 1236 000c 17       		.uleb128 0x17
 1237 000d 00       		.byte	0
 1238 000e 00       		.byte	0
 1239 000f 02       		.uleb128 0x2
 1240 0010 24       		.uleb128 0x24
 1241 0011 00       		.byte	0
 1242 0012 0B       		.uleb128 0xb
 1243 0013 0B       		.uleb128 0xb
 1244 0014 3E       		.uleb128 0x3e
 1245 0015 0B       		.uleb128 0xb
 1246 0016 03       		.uleb128 0x3
 1247 0017 0E       		.uleb128 0xe
 1248 0018 00       		.byte	0
 1249 0019 00       		.byte	0
 1250 001a 03       		.uleb128 0x3
ARM GAS  C:\Users\Fromm\AppData\Local\Temp\ccmB3Pin.s 			page 23


 1251 001b 16       		.uleb128 0x16
 1252 001c 00       		.byte	0
 1253 001d 03       		.uleb128 0x3
 1254 001e 0E       		.uleb128 0xe
 1255 001f 3A       		.uleb128 0x3a
 1256 0020 0B       		.uleb128 0xb
 1257 0021 3B       		.uleb128 0x3b
 1258 0022 0B       		.uleb128 0xb
 1259 0023 49       		.uleb128 0x49
 1260 0024 13       		.uleb128 0x13
 1261 0025 00       		.byte	0
 1262 0026 00       		.byte	0
 1263 0027 04       		.uleb128 0x4
 1264 0028 24       		.uleb128 0x24
 1265 0029 00       		.byte	0
 1266 002a 0B       		.uleb128 0xb
 1267 002b 0B       		.uleb128 0xb
 1268 002c 3E       		.uleb128 0x3e
 1269 002d 0B       		.uleb128 0xb
 1270 002e 03       		.uleb128 0x3
 1271 002f 08       		.uleb128 0x8
 1272 0030 00       		.byte	0
 1273 0031 00       		.byte	0
 1274 0032 05       		.uleb128 0x5
 1275 0033 01       		.uleb128 0x1
 1276 0034 01       		.byte	0x1
 1277 0035 49       		.uleb128 0x49
 1278 0036 13       		.uleb128 0x13
 1279 0037 01       		.uleb128 0x1
 1280 0038 13       		.uleb128 0x13
 1281 0039 00       		.byte	0
 1282 003a 00       		.byte	0
 1283 003b 06       		.uleb128 0x6
 1284 003c 21       		.uleb128 0x21
 1285 003d 00       		.byte	0
 1286 003e 49       		.uleb128 0x49
 1287 003f 13       		.uleb128 0x13
 1288 0040 2F       		.uleb128 0x2f
 1289 0041 05       		.uleb128 0x5
 1290 0042 00       		.byte	0
 1291 0043 00       		.byte	0
 1292 0044 07       		.uleb128 0x7
 1293 0045 26       		.uleb128 0x26
 1294 0046 00       		.byte	0
 1295 0047 49       		.uleb128 0x49
 1296 0048 13       		.uleb128 0x13
 1297 0049 00       		.byte	0
 1298 004a 00       		.byte	0
 1299 004b 08       		.uleb128 0x8
 1300 004c 34       		.uleb128 0x34
 1301 004d 00       		.byte	0
 1302 004e 03       		.uleb128 0x3
 1303 004f 0E       		.uleb128 0xe
 1304 0050 3A       		.uleb128 0x3a
 1305 0051 0B       		.uleb128 0xb
 1306 0052 3B       		.uleb128 0x3b
 1307 0053 0B       		.uleb128 0xb
ARM GAS  C:\Users\Fromm\AppData\Local\Temp\ccmB3Pin.s 			page 24


 1308 0054 49       		.uleb128 0x49
 1309 0055 13       		.uleb128 0x13
 1310 0056 3F       		.uleb128 0x3f
 1311 0057 19       		.uleb128 0x19
 1312 0058 02       		.uleb128 0x2
 1313 0059 18       		.uleb128 0x18
 1314 005a 00       		.byte	0
 1315 005b 00       		.byte	0
 1316 005c 09       		.uleb128 0x9
 1317 005d 21       		.uleb128 0x21
 1318 005e 00       		.byte	0
 1319 005f 49       		.uleb128 0x49
 1320 0060 13       		.uleb128 0x13
 1321 0061 2F       		.uleb128 0x2f
 1322 0062 0B       		.uleb128 0xb
 1323 0063 00       		.byte	0
 1324 0064 00       		.byte	0
 1325 0065 00       		.byte	0
 1326              		.section	.debug_aranges,"",%progbits
 1327 0000 14000000 		.4byte	0x14
 1328 0004 0200     		.2byte	0x2
 1329 0006 00000000 		.4byte	.Ldebug_info0
 1330 000a 04       		.byte	0x4
 1331 000b 00       		.byte	0
 1332 000c 0000     		.2byte	0
 1333 000e 0000     		.2byte	0
 1334 0010 00000000 		.4byte	0
 1335 0014 00000000 		.4byte	0
 1336              		.section	.debug_line,"",%progbits
 1337              	.Ldebug_line0:
 1338 0000 1F010000 		.section	.debug_str,"MS",%progbits,1
 1338      02001901 
 1338      00000201 
 1338      FB0E0D00 
 1338      01010101 
 1339              	.LASF9:
 1340 0000 5F5F7569 		.ascii	"__uint8_t\000"
 1340      6E74385F 
 1340      7400
 1341              	.LASF16:
 1342 000a 63795F6D 		.ascii	"cy_metadata\000"
 1342      65746164 
 1342      61746100 
 1343              	.LASF1:
 1344 0016 756E7369 		.ascii	"unsigned char\000"
 1344      676E6564 
 1344      20636861 
 1344      7200
 1345              	.LASF17:
 1346 0024 474E5520 		.ascii	"GNU C11 5.4.1 20160609 (release) [ARM/embedded-5-br"
 1346      43313120 
 1346      352E342E 
 1346      31203230 
 1346      31363036 
 1347 0057 616E6368 		.ascii	"anch revision 237715] -mcpu=cortex-m3 -mthumb -g -O"
 1347      20726576 
 1347      6973696F 
ARM GAS  C:\Users\Fromm\AppData\Local\Temp\ccmB3Pin.s 			page 25


 1347      6E203233 
 1347      37373135 
 1348 008a 67202D66 		.ascii	"g -ffunction-sections -ffat-lto-objects\000"
 1348      66756E63 
 1348      74696F6E 
 1348      2D736563 
 1348      74696F6E 
 1349              	.LASF5:
 1350 00b2 6C6F6E67 		.ascii	"long unsigned int\000"
 1350      20756E73 
 1350      69676E65 
 1350      6420696E 
 1350      7400
 1351              	.LASF3:
 1352 00c4 73686F72 		.ascii	"short unsigned int\000"
 1352      7420756E 
 1352      7369676E 
 1352      65642069 
 1352      6E7400
 1353              	.LASF19:
 1354 00d7 443A5C35 		.ascii	"D:\\50_HDA\\60_Lehre\\40_Vorlesungen\\02_MCU_Presem"
 1354      305F4844 
 1354      415C3630 
 1354      5F4C6568 
 1354      72655C34 
 1355 0106 65737465 		.ascii	"ester\\workspace\\2020\\work\\day_3_reaction_game.c"
 1355      725C776F 
 1355      726B7370 
 1355      6163655C 
 1355      32303230 
 1356 0135 7964736E 		.ascii	"ydsn\000"
 1356      00
 1357              	.LASF13:
 1358 013a 63795F6D 		.ascii	"cy_meta_custnvl\000"
 1358      6574615F 
 1358      63757374 
 1358      6E766C00 
 1359              	.LASF12:
 1360 014a 63795F6D 		.ascii	"cy_meta_configecc\000"
 1360      6574615F 
 1360      636F6E66 
 1360      69676563 
 1360      6300
 1361              	.LASF8:
 1362 015c 756E7369 		.ascii	"unsigned int\000"
 1362      676E6564 
 1362      20696E74 
 1362      00
 1363              	.LASF7:
 1364 0169 6C6F6E67 		.ascii	"long long unsigned int\000"
 1364      206C6F6E 
 1364      6720756E 
 1364      7369676E 
 1364      65642069 
 1365              	.LASF10:
 1366 0180 75696E74 		.ascii	"uint8_t\000"
 1366      385F7400 
ARM GAS  C:\Users\Fromm\AppData\Local\Temp\ccmB3Pin.s 			page 26


 1367              	.LASF15:
 1368 0188 63795F6D 		.ascii	"cy_meta_flashprotect\000"
 1368      6574615F 
 1368      666C6173 
 1368      6870726F 
 1368      74656374 
 1369              	.LASF14:
 1370 019d 63795F6D 		.ascii	"cy_meta_wonvl\000"
 1370      6574615F 
 1370      776F6E76 
 1370      6C00
 1371              	.LASF11:
 1372 01ab 73697A65 		.ascii	"sizetype\000"
 1372      74797065 
 1372      00
 1373              	.LASF6:
 1374 01b4 6C6F6E67 		.ascii	"long long int\000"
 1374      206C6F6E 
 1374      6720696E 
 1374      7400
 1375              	.LASF2:
 1376 01c2 73686F72 		.ascii	"short int\000"
 1376      7420696E 
 1376      7400
 1377              	.LASF4:
 1378 01cc 6C6F6E67 		.ascii	"long int\000"
 1378      20696E74 
 1378      00
 1379              	.LASF0:
 1380 01d5 7369676E 		.ascii	"signed char\000"
 1380      65642063 
 1380      68617200 
 1381              	.LASF18:
 1382 01e1 47656E65 		.ascii	"Generated_Source\\PSoC5\\cymetadata.c\000"
 1382      72617465 
 1382      645F536F 
 1382      75726365 
 1382      5C50536F 
 1383              		.ident	"GCC: (GNU Tools for ARM Embedded Processors) 5.4.1 20160609 (release) [ARM/embedded-5-bran
