ARM GAS  C:\Users\Fromm\AppData\Local\Temp\ccR8T5j3.s 			page 1


   1              		.syntax unified
   2              		.cpu cortex-m3
   3              		.fpu softvfp
   4              		.eabi_attribute 20, 1
   5              		.eabi_attribute 21, 1
   6              		.eabi_attribute 23, 3
   7              		.eabi_attribute 24, 1
   8              		.eabi_attribute 25, 1
   9              		.eabi_attribute 26, 1
  10              		.eabi_attribute 30, 1
  11              		.eabi_attribute 34, 1
  12              		.eabi_attribute 18, 4
  13              		.thumb
  14              		.syntax unified
  15              		.file	"led.c"
  16              		.text
  17              	.Ltext0:
  18              		.cfi_sections	.debug_frame
  19              	.Letext0:
  20              		.section	.debug_line,"",%progbits
  21              	.Ldebug_line0:
  22              		.section	.debug_str,"MS",%progbits,1
  23              	.LASF0:
  24 0000 474E5520 		.ascii	"GNU C11 5.4.1 20160609 (release) [ARM/embedded-5-br"
  24      43313120 
  24      352E342E 
  24      31203230 
  24      31363036 
  25 0033 616E6368 		.ascii	"anch revision 237715] -mcpu=cortex-m3 -mthumb -g -O"
  25      20726576 
  25      6973696F 
  25      6E203233 
  25      37373135 
  26 0066 67202D66 		.ascii	"g -ffunction-sections -ffat-lto-objects\000"
  26      66756E63 
  26      74696F6E 
  26      2D736563 
  26      74696F6E 
  27              	.LASF1:
  28 008e 736F7572 		.ascii	"source\\bsw\\led.c\000"
  28      63655C62 
  28      73775C6C 
  28      65642E63 
  28      00
  29              	.LASF2:
  30 009f 443A5C35 		.ascii	"D:\\50_HDA\\60_Lehre\\40_Vorlesungen\\02_MCU_Presem"
  30      305F4844 
  30      415C3630 
  30      5F4C6568 
  30      72655C34 
  31 00ce 65737465 		.ascii	"ester\\workspace\\2020\\work\\day_3_reaction_game.c"
  31      725C776F 
  31      726B7370 
  31      6163655C 
  31      32303230 
  32 00fd 7964736E 		.ascii	"ydsn\000"
  32      00
ARM GAS  C:\Users\Fromm\AppData\Local\Temp\ccR8T5j3.s 			page 2


  33              		.ident	"GCC: (GNU Tools for ARM Embedded Processors) 5.4.1 20160609 (release) [ARM/embedded-5-bran
