ARM GAS  C:\Users\Fromm\AppData\Local\Temp\ccr1KEEb.s 			page 1


   1              		.syntax unified
   2              		.cpu cortex-m3
   3              		.fpu softvfp
   4              		.eabi_attribute 20, 1
   5              		.eabi_attribute 21, 1
   6              		.eabi_attribute 23, 3
   7              		.eabi_attribute 24, 1
   8              		.eabi_attribute 25, 1
   9              		.eabi_attribute 26, 1
  10              		.eabi_attribute 30, 1
  11              		.eabi_attribute 34, 1
  12              		.eabi_attribute 18, 4
  13              		.thumb
  14              		.syntax unified
  15              		.file	"time.c"
  16              		.text
  17              	.Ltext0:
  18              		.cfi_sections	.debug_frame
  19              	.Letext0:
  20              		.section	.debug_line,"",%progbits
  21              	.Ldebug_line0:
  22              		.section	.debug_str,"MS",%progbits,1
  23              	.LASF0:
  24 0000 736F7572 		.ascii	"source\\bsw\\time.c\000"
  24      63655C62 
  24      73775C74 
  24      696D652E 
  24      6300
  25              	.LASF1:
  26 0012 474E5520 		.ascii	"GNU C11 5.4.1 20160609 (release) [ARM/embedded-5-br"
  26      43313120 
  26      352E342E 
  26      31203230 
  26      31363036 
  27 0045 616E6368 		.ascii	"anch revision 237715] -mcpu=cortex-m3 -mthumb -g -O"
  27      20726576 
  27      6973696F 
  27      6E203233 
  27      37373135 
  28 0078 67202D66 		.ascii	"g -ffunction-sections -ffat-lto-objects\000"
  28      66756E63 
  28      74696F6E 
  28      2D736563 
  28      74696F6E 
  29              	.LASF2:
  30 00a0 443A5C35 		.ascii	"D:\\50_HDA\\60_Lehre\\40_Vorlesungen\\02_MCU_Presem"
  30      305F4844 
  30      415C3630 
  30      5F4C6568 
  30      72655C34 
  31 00cf 65737465 		.ascii	"ester\\workspace\\2020\\work\\day_3_reaction_game.c"
  31      725C776F 
  31      726B7370 
  31      6163655C 
  31      32303230 
  32 00fe 7964736E 		.ascii	"ydsn\000"
  32      00
ARM GAS  C:\Users\Fromm\AppData\Local\Temp\ccr1KEEb.s 			page 2


  33              		.ident	"GCC: (GNU Tools for ARM Embedded Processors) 5.4.1 20160609 (release) [ARM/embedded-5-bran
